[  0.00000Liux versn 8.0-22geric buddlg1-) (gccerio6.0 20161005Ubun 6.0-5un12) #2-Ubuu SMP Sat Oct 8 9:5:0 C 20 (untu 4.80-.24-genri4.8.
    00000] Command lie:OOT_IAGE=/boot/vmlinuz4..02-neriro=LABL=cloudim-rotfs r csole=tty1 conole=ttyS0
[  0.00000KERNELsuported cpus:
[    0.000]   Intel GenuineIel
[    0.000000]   AMD AuthenticAMD
[    0.000000]   Centaur CentaurHauls
[    0.000000] x86/fpu: Legacy x87 FPU detected.
[    0.000000] x86/fpu: Using 'eager' FPU context switches.
[    0.000000] e820: BIOS-provided physical RAM map:
[   .0000]IOS-e820[mm 0x0000000000000-0000000009fff uabe
[  .000000] BIOS-e820: [mem 0x000000000009fc00-0x000000000009ffff] reserved
[  0000000] BIOSe80: [mm 00000000000-00000000fffff]reerved[   0.000000 BS-e8: em 0x0000000001000-00000000ffff] usabl
   0.000] BIO-e0:[mem 0x00003ff00-0000000ffffff] CP dta
[   00000BI-e820:me 0x00000fffc00000x00000fffffff resved   00000 NX Execute Disable) protection: active
[    0.000000] SMBIOS 2.5 present.
[    0.000000] Hyprvor detecedKV
[    000000] 820la_pfn = 03f0 max_arch_pfn = 0x400000000
[    0.00000 MR: Disabed[[    0.000] x86/PT:TRRs dsaed skippngATiniazationto
   0.000000] 86/PAT: Configuaton [0-7] WB    - UC  WB T UC- UC     0.000000] CPU MTRRs lllank - virtualiedsyem.
[    .0000]ou SMPP-ble  [m 0x009f0-0x0009ff mppedt ffff95109ff0]
[   0000000] Scaning aeas forlomemory crrtion
[   .000000] RAMDK:[mem 0x36f3e000-0x37796fff]
[   0.00000 APIEay tae ecksum verification disabled
[    0.000000] ACPI: RSDP 0x00000000000E0000 000024 (v02 VBOX  )
[    0.00000] ACP: SD 000000003F030 00003C (v01 VBOX   VBOXXSDT 00000001 ASL  00000061)
[    0.00000] PI FACP 0x000000003FFF00F0 0000F4 (v04 VBOX  OXACP 0001 ASL 00061)
[   00000]CP: DSDT x0000003FF00 002118 (01BOX VBBIOS 00002 INL 10528
  0.000000] ACPI: FACS 0x00000003FFF0200 000040
[    0.000000] ACPI: FACS 0x00000000FF200 000040
[    0.000000] ACPI: APIC 0x000000003FFF0240 00005C (v02 VBOX   VBOXAPIC 00000001 ASL  00000061)
[    0.000000] ACPI: SSDT 0x000000003FFF02A0 0001CC (v01 VBOX   VBOXCPUT 00000002 INTL 20100528)
[    0.000000] No NUMA configuration found
[    0.000000] Faking a node at [mem 0x0000000000000000-0x0000003ffeff
[    00000] NODE_DATA0)allocte[mm 0x3ffeb000-0x3ffeffff]
[    0.000000] kvm-clock: Using msrs 4b564d0 a 4b56d0
[   0.000 kvm-coc cu 0, msr 0:3ffe701primarycpclck
  0.000]vm-clock: using sched offset of 32425089 cycles[  000000]clksurce: kvm-cloc mk: 0xfffffffffffff max_cycles: 0x1d44dffb, m_idle_ns8859591483 ns
    0.00000]Zone ange:
[    0.000000]   DMA      [mem 0x0000000000001000-0x0000000000ffffff]
[   000000]   DM32  [mm 0x0000000001000000-0x000000003ffeffff]
[    0.000000]   Normal   empty
[    0.000000]   Device   empty
[    0.000000] Movable zone start for each node
[    0.000000] Early memory node ranges
[    0.000000]   node   0: [mem 0x0000000000001000-0x000000000009efff]
[   .000000]   node   0: [mm 000000000100000-00000003feff]
[    0.000000] Initmem setup node 0 [mem 0x0000000001000-0x000000003ffeffff]
[    0.000000] ACPI: PM-Timer IO Port: 0x4008   0.000000 IPI[0]:piid 2, verson17, address fe00000, I 0-
   000000] APIINT_SC_R (bus 0usir0 lobal_irq 2 dfl dfl)
[    0.000000] ACPI: INT_SRC_OVR (bus 0 bus_irq 9 global_irq 9 high level)
[    0.000000] Using ACPI (MADT) for SMP configuration information
[   0.000] smpboot: Alloin 2CPUs,0 otplug CPUs
[    0.000] PM: Reisred nosveemor: em0x00000-0000fff]    0.000]PM: Reisred sae memry[memx009f0000x09ffff]
[   0.000000] M:Restered noavmemory [em 0x000a0000-0x000effff]
[    0.000000] PM: Registered nosave memory: [mem 0x000f000x000fff
  0.000000 e0: [m x4000000xfffbffff]avlablfo PCI devices
[    0.000000] Booting paravirtualized kernel on KVM
[   0.00000] lockure: rind-jiffies: as: 0xffffffff max_cycles: 0xffffffff, max_idle_ns: 7645519600211568 ns
[    0.000000] setup_percpu: NR_CPUS:256 nr_cpumask_bits:256 nr_cpu_ids:2 nr_node_ids:1
[    0.000000] percpu: Embedded 36 pages/cpu @ffff99513fc00000 s107544 r8192 d31720 u1048576
[    0.000000] PV qspinlock hash table entries: 256 (order: 0, 4096 bytes)
[    0.000000] Built 1 zonelists in Node order, mobility grouping on.  Total pages: 257913
[    0.000000] Policy zone: DMA32
[    0.000000] Kernel command line: BOOT_IMAGE=/boot/vmlinuz-4.8.0-22-generic root=LABEL=cloudimg-rootfs ro console=tty1 console=ttyS0
[    0.000000] PID hash table entries: 4096 (order: 3, 32768 bytes)
[    0.000000] Memory: 1003720K/1048120K available (8847K kernel code, 1427K rwdata, 3804K rodata, 1548K init, 1400Kss, 44400K rervd, 0cm-resered
[   0.000000]SL: HWali=6 Orde=0, inObjects0,CPs=2 Nes1
[   .00000 Hrachicl U mplementation.
[    0.000000] 	Build-time adjustment of leaf fanot to 64.    00000 	RCU esriting CUsro NR_US56 to nr_cpu_ids=2.
[  000000]CU Ajuti geometry forcu_fano_lf=64, nr_cpu_ids=2
[    0.0000 NR_IRS:640 nr_iqs4016
[    0.000000] Console: colour VGA+ 80x25
[   000000] console [tty1] enabled
[    0.000000] console [ttyS0] enabled
[    0.000000] tsc: Detected 3217.280 MHz processor
[   13.052191] Calibrating delay loop (skipped) preset value.. 6434.56 BogoMIPS (lpj=12869120)
[   13.113732] pid_max: default: 32768 minimum: 301
[   13.206311] ACPI: Core revision 20160422
[   13.208749] ACPI: 2 ACPI AML tables successfully acquired and loaded
[   13.211582] 
[   13.212242] Security Framework initialized
[   13.213428] Yama: becoming mindful.
[   13.214530] AppArmor: AppArmor initialized
[   13.215782] Dentry cache hash table entries: 131072 (order: 8, 1048576 bytes)
[   13.219467] Inode-cache hash table entries: 65536 (order: 7, 524288 bytes)
[   13.223929] Mount-cache hash table entries: 2048 (order: 2, 16384 bytes)
[   13.239060] Mountpoint-cache hash table entries: 2048 (order: 2, 16384 bytes)
[   13.274820] CPU: Physical Processor ID: 0
[   13.329368] CPU: Processor Core ID: 0
[   13.342911] mce: CPU supports 0 MCE banks
[   13.354368] Last level iTLB entries: 4KB 512, 2MB 7, 4MB 7
[   13.370148] Last level dTLB entries: 4KB 512, 2MB 32, 4MB 32, 1GB 0
[   13.405022] Freeing SMP alternatives memory: 32K (ffffffff848e9000 - ffffffff848f1000)
[   13.415003] ftrace: allocating 33403 entries in 131 pages
[   13.501493] smpboot: APIC(0) Converting physical 0 to logical package 0
[   13.592323] smpboot: Max logical packages: 1
[   13.677171] ..TIMER: vector=0x30 apic1=0 pin1=2 apic2=-1 pin2=-1
[   13.807934] smpboot: CPU0: Intel(R) Core(TM) i7 CPU         960  @ 3.20GHz (family: 0x6, model: 0x1a, stepping: 0x5)
[   13.975555] Performance Events: unsupported p6 CPU model 26 no PMU driver, software events only.
[   14.036623] KVM setup paravirtual spinlock
[   14.038058] x86: Booting SMP configuration:
[   14.047300] .... node  #0, CPUs:      #1
[   14.085081] kvm-clock: cpu 1, msr 0:3ffe7041, secondary cpu clock
[   14.208718] mce: CPU supports 0 MCE banks
[   14.211187] x86: Booted up 1 node, 2 CPUs
[   14.239698] smpboot: Total of 2 processors activated (12869.12 BogoMIPS)
[   14.316772] devtmpfs: initialized
[   14.365766] x86/mm: Memory block size: 128MB
[   14.405932] evm: security.selinux
[   14.407602] evm: security.SMACK64
[   14.408219] evm: security.SMACK64EXEC
[   14.408857] evm: security.SMACK64TRANSMUTE
[   14.409521] evm: security.SMACK64MMAP
[   14.410153] evm: security.ima
[   14.478662] evm: security.capability
[   14.488106] clocksource: jiffies: mask: 0xffffffff max_cycles: 0xffffffff, max_idle_ns: 7645041785100000 ns
[   14.570831] pinctrl core: initialized pinctrl subsystem
[   14.655215] RTC time: 14:05:05, date: 10/20/16
[   14.740517] NET: Registered protocol family 16
[   14.797071] cpuidle: using governor ladder
[   14.829264] cpuidle: using governor menu
[   14.897305] PCCT header not found.
[   14.940973] ACPI: bus type PCI registered
[   14.996774] acpiphp: ACPI Hot Plug PCI Controller Driver version: 0.5
[   15.047828] PCI: Using configuration type 1 for base access
[   15.064893] HugeTLB registered 2 MB page size, pre-allocated 0 pages
[   15.117345] ACPI: Added _OSI(Module Device)
[   15.149585] ACPI: Added _OSI(Processor Device)
[   15.150284] ACPI: Added _OSI(3.0 _SCP Extensions)
[   15.153705] ACPI: Added _OSI(Processor Aggregator Device)
[   15.163836] ACPI: Executed 1 blocks of module-level executable AML code
[   15.254354] ACPI: Interpreter enabled
[   15.323735] ACPI: (supports S0 S5)
[   15.366618] ACPI: Using IOAPIC for interrupt routing
[   15.396372] PCI: Using host bridge windows from ACPI; if necessary, use "pci=nocrs" and report a bug
[   15.536707] ACPI: PCI Root Bridge [PCI0] (domain 0000 [bus 00-ff])
[   15.645951] acpi PNP0A03:00: _OSC: OS supports [ASPM ClockPM Segments MSI]
[   15.737061] acpi PNP0A03:00: _OSC failed (AE_NOT_FOUND); disabling ASPM
[   15.795575] acpi PNP0A03:00: fail to add MMCONFIG information, can't access extended PCI configuration space under this bridge.
[   15.815313] PCI host bridge to bus 0000:00
[   15.818256] pci_bus 0000:00: root bus resource [io  0x0000-0x0cf7 window]
[   15.947417] pci_bus 0000:00: root bus resource [io  0x0d00-0xffff window]
[   15.949414] pci_bus 0000:00: root bus resource [mem 0x000a0000-0x000bffff window]
[   15.988194] pci_bus 0000:00: root bus resource [mem 0x40000000-0xffdfffff window]
[   16.114737] pci_bus 0000:00: root bus resource [bus 00-ff]
[   16.129639] pci 0000:00:01.1: legacy IDE quirk: reg 0x10: [io  0x01f0-0x01f7]
[   16.197802] pci 0000:00:01.1: legacy IDE quirk: reg 0x14: [io  0x03f6]
[   16.214667] pci 0000:00:01.1: legacy IDE quirk: reg 0x18: [io  0x0170-0x0177]
[   16.221036] pci 0000:00:01.1: legacy IDE quirk: reg 0x1c: [io  0x0376]
[   16.337503] ACPI: PCI Interrupt Link [LNKA] (IRQs 5 9 10 11) *0, disabled.
[   16.420674] ACPI: PCI Interrupt Link [LNKB] (IRQs 5 9 10 *11)
[   16.447443] ACPI: PCI Interrupt Link [LNKC] (IRQs 5 9 *10 11)
[   16.487983] ACPI: PCI Interrupt Link [LNKD] (IRQs 5 *9 10 11)
[   16.530177] ACPI: Enabled 2 GPEs in block 00 to 07
[   16.579992] SCSI subsystem initialized
[   16.612383] vgaarb: setting as boot device: PCI:0000:00:02.0
[   16.671601] vgaarb: device added: PCI:0000:00:02.0,decodes=io+mem,owns=io+mem,locks=none
[   16.694160] vgaarb: loaded
[   16.753370] vgaarb: bridge control possible 0000:00:02.0
[   16.780623] ACPI: bus type USB registered
[   16.781347] usbcore: registered new interface driver usbfs
[   16.807426] usbcore: registered new interface driver hub
[   16.811643] usbcore: registered new device driver usb
[   16.822513] PCI: Using ACPI for IRQ routing
[   16.872699] NetLabel: Initializing
[   16.876670] NetLabel:  domain hash size = 128
[   16.967062] NetLabel:  protocols = UNLABELED CIPSOv4
[   16.995152] NetLabel:  unlabeled traffic allowed by default
[   17.043011] clocksource: Switched to clocksource kvm-clock
[   170765VF Dk ot dot.6
   17.520607] VFS: Dquot-cache hash table entries: 512 (order 0, 4096 bytes)
[  15716] AppArmor: ApArr lest Ebl
  7.75] p:nPCPin
  8.894]npPnACI: fun3 vis
[   18.877084] clocksource: acpi_pm: mask: 0xffffff max_cycles: 0xffffff, max_idle_ns: 2085701024 ns
[   18.946440] NET: Registered protocol family 2
[   19.105585] TCP established hash table entries: 8192 (order: 4, 65536 bytes)
[   19.195299] TCP bind hash table entries: 8192 (order: 5, 131072 bytes)
[   19.496478] TCP: Hash tables configured (established 8192 bind 8192)
[   19.574539] UDP hash table entries: 512 (order: 2, 16384 bytes)
[   19.738696] UDP-Lite hash table entries: 512 (order: 2, 16384 bytes)
[   19.803979] NET: Registered protocol family 1
[   19.972420] pci 0000:00:00.0: Limiting direct PCI/PCI transfers
[   20.052895] pci 0000:00:01.0: Activating ISA DMA hang workarounds
[   20.178372] pci 0000:00:02.0: Video device with shadowed ROM at [mem 0x000c0000-0x000dffff]
[   20.231680] Trying to unpack rootfs image as initramfs...
[   21.767535] Freeing initrd memory: 8548K (ffff995136f3e000 - ffff995137797000)
[   21.776776] platform rtc_cmos: registered platform RTC device (no PNP device found)
[   21.922296] Scanning for low memory corruption every 60 seconds
[   21.935714] futex hash table entries: 512 (order: 3, 32768 bytes)
[   21.940752] audit: initializing netlink subsys (disabled)
[   21.947412] audit: type=2000 audit(1476972301.675:1): initialized
[   21.971602] Initialise system trusted keyrings
[   22.117754] workingset: timestamp_bits=40 max_order=18 bucket_order=0
[   22.428857] zbud: loaded
[   22.475174] squashfs: version 4.0 (2009/01/31) Phillip Lougher
[   22.684668] fuse init (API version 7.25)
[   22.787284] tsc: Refined TSC clocksource calibration: 3207.079 MHz
[   .741 K te g_y gier
[   22.787421] Allocating IMA blacklist keyring.
[   22.788233] Key type asymmetric registered
[   22.788234] Asymmetric key parser 'x509' registered
[   22.788270] Block layer SCSI generic (bsg) driver version 0.4 loaded (major 248)
[   22.788351] io scheduler noop registered
[   22.788352] io scheduler deadline registered (default)
[   22.788361] io scheduler cfq registered
[   22.788442] pci_hotplug: PCI Hot Plug PCI Core version: 0.5
[   22.788446] pciehp: PCI Express Hot Plug Controller Driver version: 0.4
[   22.788583] ACPI: AC Adapter [AC] (on-line)
[   22.788630] input: Power Button as /devices/LNXSYSTM:00/LNXPWRBN:00/input/input0
[   22.788632] ACPI: Power Button [PWRF]
[   22.788692] input: Sleep Button as /devices/LNXSYSTM:00/LNXSLPBN:00/input/input1
[   22.788693] ACPI: Sleep Button [SLPF]
[   22.788825] GHES: HEST is not enabled!
[   22.788884] Serial: 8250/16550 driver, 32 ports, IRQ sharing enabled
[   22.818723] 00:02: ttyS0 at I/O 0x3f8 (irq = 4, base_baud = 115200) is a 16550A
[   23.275704] Linux agpgart interface v0.103
[   23.349334] brd: module loaded
[   23.350248] loop: module loaded
[   23.350747] scsi host0: ata_piix
[   23.350814] scsi host1: ata_piix
[   23.350847] ata1: PATA max UDMA/33 cmd 0x1f0 ctl 0x3f6 bmdma 0xd000 irq 14
[   23.350847] ata2: PATA max UDMA/33 cmd 0x170 ctl 0x376 bmdma 0xd008 irq 15
[   23.350909] libphy: Fixed MDIO Bus: probed
[   23.350909] tun: Universal TUN/TAP device driver, 1.6
[   23.350910] tun: (C) 1999-2004 Max Krasnyansky <maxk@qualcomm.com>
[   23.350946] PPP generic driver version 2.4.2
[   23.350983] ehci_hcd: USB 2.0 'Enhanced' Host Controller (EHCI) Driver
[   23.350985] ehci-pci: EHCI PCI platform driver
[   23.351002] ehci-platform: EHCI generic platform driver
[   23.351008] ohci_hcd: USB 1.1 'Open' Host Controller (OHCI) Driver
[   23.351010] ohci-pci: OHCI PCI platform driver
[   23.351016] ohci-platform: OHCI generic platform driver
[   23.351021] uhci_hcd: USB Universal Host Controller Interface driver
[   23.351081] i8042: PNP: PS/2 Controller [PNP0303:PS2K,PNP0f03:PS2M] at 0x60,0x64 irq 1,12
[   23.352015] ACPI: Battery Slot [BAT0] (battery present)
[   23.394548] serio: i8042 KBD port at 0x60,0x64 irq 1
[   23.394557] serio: i8042 AUX port at 0x60,0x64 irq 12
[   23.394726] mousedev: PS/2 mouse device common for all mice
[   23.395028] rtc_cmos rtc_cmos: rtc core: registered rtc_cmos as rtc0
[   23.395112] rtc_cmos rtc_cmos: alarms up to one day, 114 bytes nvram
[   23.395119] i2c /dev entries driver
[   23.395299] device-mapper: uevent: version 1.0.3
[   23.395358] device-mapper: ioctl: 4.35.0-ioctl (2016-06-23) initialised: dm-devel@redhat.com
[   23.685384] input: AT Translated Set 2 keyboard as /devices/platform/i8042/serio0/input/input2
[   24.380329] clocksource: tsc: mask: 0xffffffffffffffff max_cycles: 0x2e3a69afa05, max_idle_ns: 440795333477 ns
[   24.444277] ledtrig-cpu: registered to indicate activity on CPUs
[   24.550436] NET: Registered protocol family 10
[   24.752861] NET: Registered protocol family 17
[   24.967018] Key type dns_resolver registered
[   25.047179] microcode: sig=0x106a5, pf=0x4, revision=0x616
[   25.125654] microcode: Microcode Update Driver: v2.01 <tigran@aivazian.fsnet.co.uk>, Peter Oruba
[   25.276549] registered taskstats version 1
[   25.433203] Loading compiled-in X.509 certificates
[   25.437677] Loaded X.509 cert 'Build time autogenerated kernel key: 68ad1f6e70f7e9aa887b0e6d3f124ca85d29e62a'
[   25.996779] zswap: loaded using pool lzo/zbud
[   26.222457] Key type trusted registered
[   26.265003] Key type encrypted registered
[   26.371436] AppArmor: AppArmor sha1 policy hashing enabled
[   26.651790] ima: No TPM chip found, activating TPM-bypass!
[   26.662247] evm: HMAC attrs: 0x1
[   26.791674]   Magic number: 4:525:81
[   26.961117] rtc_cmos rtc_cmos: setting system clock to 2016-10-20 14:05:18 UTC (1476972318)
[   27.041219] BIOS EDD facility v0.16 2004-Jun-25, 0 devices found
[   27.260023] EDD information not available.
[   27.292246] Freeing unused kernel memory: 1548K (ffffffff84766000 - ffffffff848e9000)
[   27.363072] Write protecting the kernel read-only data: 14336k
[   27.430010] Freeing unused kernel memory: 1376K (ffff9951354a8000 - ffff995135600000)
[   27.579548] Freeing unused kernel memory: 292K (ffff9951359b7000 - ffff995135a00000)
[   27.611723] x86/mm: Checked W+X mappings: passed, no W+X pages found.
Loading, please [   27.691384] random: systemd-udevd: uninitialized urandom read (16 bytes read)
wait...
startin[   27.692297] random: udevadm: uninitialized urandom read (16 bytes read)
g version 231
[   27.692334] random: udevadm: uninitialized urandom read (16 bytes read)
[   27.693125] random: udevadm: uninitialized urandom read (16 bytes read)
[   27.693193] random: udevadm: uninitialized urandom read (16 bytes read)
[   27.693210] random: udevadm: uninitialized urandom read (16 bytes read)
[   27.693478] random: udevadm: uninitialized urandom read (16 bytes read)
[   27.693540] random: udevadm: uninitialized urandom read (16 bytes read)
[   27.693605] random: udevadm: uninitialized urandom read (16 bytes read)
[   27.693686] random: udevadm: uninitialized urandom read (16 bytes read)
[   28.219723] e1000: Intel(R) PRO/1000 Network Driver - version 7.3.21-k8-NAPI
[   28.285903] e1000: Copyright (c) 1999-2006 Intel Corporation.
[   28.488539] Fusion MPT base driver 3.04.20
[   28.535495] Copyright (c) 1999-2008 LSI Corporation
[   28.545384] Fusion MPT SPI Host driver 3.04.20
[   28.967337] input: ImExPS/2 BYD TouchPad as /devices/platform/i8042/serio1/input/input4
[   29.083836] e1000 0000:00:03.0 eth0: (PCI:33MHz:32-bit) 02:b2:e7:c8:01:43
[   29.083842] e1000 0000:00:03.0 eth0: Intel(R) PRO/1000 Network Connection
[   29.265615] mptbase: ioc0: Initiating bringup
[   29.337476] e1000 0000:00:03.0 enp0s3: renamed from eth0
[   29.361855] ioc0: LSI53C1030 A0: Capabilities={Initiator}
[   29.653367] scsi host2: ioc0: LSI53C1030 A0, FwRev=00000000h, Ports=1, MaxQ=256, IRQ=20
[   29.831758] scsi 2:0:0:0: Direct-Access     VBOX     HARDDISK         1.0  PQ: 0 ANSI: 5
[   29.831768] scsi target2:0:0: Beginning Domain Validation
[   29.832787] scsi target2:0:0: Domain Validation skipping write tests
[   29.832788] scsi target2:0:0: Ending Domain Validation
[   29.832822] scsi target2:0:0: asynchronous
[   31.012267] scsi 2:0:1:0: Direct-Access     VBOX     HARDDISK         1.0  PQ: 0 ANSI: 5
[   31.042697] scsi target2:0:1: Beginning Domain Validation
[   31.081831] scsi target2:0:1: Domain Validation skipping write tests
[   31.460838] scsi target2:0:1: Ending Domain Validation
[   31.678796] scsi target2:0:1: asynchronous
[   31.771470] floppy0: no floppy controllers found
[   31.934389] random: fast init done
[   31.947711] sd 2:0:0:0: [sda] 20971520 512-byte logical blocks: (10.7 GB/10.0 GiB)
[   31.994476] sd 2:0:0:0: Attached scsi generic sg0 type 0
[   32.028560] sd 2:0:0:0: [sda] Write Protect is off
[   32.068494] sd 2:0:1:0: [sdb] 20480 512-byte logical blocks: (10.5 MB/10.0 MiB)
[   32.068637] sd 2:0:1:0: Attached scsi generic sg1 type 0
[   32.068754] sd 2:0:0:0: [sda] Incomplete mode parameter data
[   32.068756] sd 2:0:0:0: [sda] Assuming drive cache: write through
[   32.096367]  sda: sda1
[   32.096888] sd 2:0:0:0: [sda] Attached SCSI disk
[   32.753768] sd 2:0:1:0: [sdb] Write Protect is off
[   32.972872] sd 2:0:1:0: [sdb] Incomplete mode parameter data
[   33.121833] sd 2:0:1:0: [sdb] Assuming drive cache: write through
[   33.175530] sd 2:0:1:0: [sdb] Attached SCSI disk
Begin: Loading e[   34.827286] md: linear personality registered for level -1
ssential drivers[   34.911812] md: multipath personality registered for level -4
 ... [   35.006778] md: raid0 personality registered for level 0
[   35.032794] md: raid1 personality registered for level 1
[   35.143124] raid6: sse2x1   gen()  8137 MB/s
[   35.219075] raid6: sse2x1   xor()  6399 MB/s
[   35.371045] raid6: sse2x2   gen()  9068 MB/s
[   35.499042] raid6: sse2x2   xor()  7020 MB/s
[   35.623045] raid6: sse2x4   gen() 10596 MB/s
[   35.719037] raid6: sse2x4   xor()  8207 MB/s
[   35.767425] raid6: using algorithm sse2x4 gen() 10596 MB/s
[   35.874806] raid6: .... xor() 8207 MB/s, rmw enabled
[   35.903547] raid6: using ssse3x2 recovery algorithm
[   35.941580] xor: measuring software checksum speed
[   36.051072]    prefetch64-sse: 11932.000 MB/sec
[   36.111123]    generic_sse: 11925.000 MB/sec
[   36.172081] xor: using function: prefetch64-sse (11932.000 MB/sec)
[   36.285848] async_tx: api initialized (async)
[   36.530064] md: raid6 personality registered for level 6
[   36.542113] md: raid5 personality registered for level 5
[   36.748999] md: raid4 personality registered for level 4
[   36.798050] md: raid10 personality registered for level 10
done.
Begin: Running /scripts/init-premount ... done.
Begin: Mounting root file system ... Begin: Running /scripts/local-top ... done.
Begin: Running /scripts/local-pr[   36.892687] Btrfs loaded, crc32c=crc32c-intel
emount ... Scanning for Btrfs filesystems
done.
Warning: fsck no[   37.082487] EXT4-fs (sda1): mounted filesystem with ordered data mode. Opts: (null)
t present, so skipping root file system
done.
Begin: Running /scripts/local-bottom ... done.
Begin: Running /scripts/init-bottom ... /scripts/init-bottom/plymouth: line 18: /bin/plymouth: not found
done.
[   37.581558] ip_tables: (C) 2000-2006 Netfilter Core Team
[   37.809227] systemd[1]: systemd 231 running in system mode. (+PAM +AUDIT +SELINUX +IMA +APPARMOR +SMACK +SYSVINIT +UTMP +LIBCRYPTSETUP +GCRYPT +GNUTLS +ACL +XZ -LZ4 +SECCOMP +BLKID +ELFUTILS +KMOD +IDN)
[   38.157748] systemd[1]: Detected virtualization oracle.
[   38.335402] systemd[1]: Detected architecture x86-64.

Welcome to [1mUbuntu 16.10[0m!

[   38.640098] systemd[1]: Set hostname to <ubuntu>.
[   38.828486] systemd[1]: Initializing machine ID from random generator.
[   38.944351] systemd[1]: Installed transient /etc/machine-id file.
[   39.404262] systemd[1]: Listening on Syslog Socket.
[[0;32m  OK  [0m] Listening on Syslog Socket.
[   39.434920] systemd[1]: Listening on Device-mapper event daemon FIFOs.
[[0;32m  OK  [0m] Listening on Device-mapper event daemon FIFOs.
[   39.683576] systemd[1]: Set up automount Arbitrary Executable File Formats File System Automount Point.
[[0;32m  OK  [0m] Set up automount Arbitrary Executab...ats File System Automount Point.
[   39.690169] systemd[1]: Listening on Journal Audit Socket.
[[0;32m  OK  [0m] Listening on Journal Audit Socket.
[[0;32m  OK  [0m] Listening on LVM2 poll daemon socket.
[[0;32m  OK  [0m] Reached target User and Group Name Lookups.
[[0;32m  OK  [0m] Listening on udev Kernel Socket.
[[0;32m  OK  [0m] Created slice System Slice.
[[0;32m  OK  [0m] Listening on LVM2 metadata daemon socket.
[[0;32m  OK  [0m] Created slice User and Session Slice.
[[0;32m  OK  [0m] Listening on Journal Socket.
         Starting Nameserver information manager...
         Starting Set the console keyboard layout...
         Starting Monitoring of LVM2 mirrors... dmeventd or progress polling...
         Mounting POSIX Message Queue File System...
         Mounting Debug File System...
         [   40.305175] Loading iSCSI transport class v2.0-870.
Starting Load Ke[   40.573379] iscsi: registered transport (tcp)
rnel Modules...
[[0;32m  OK  [0m] Listening on Journal Socket (/dev/log).
[[0;32m  OK  [0m] Listening on /dev/initctl Compatibility Named Pipe.
[   40.800473] iscsi: registered transport (iser)
         Mounting Huge Pages File System...
[[0;32m  OK  [0m] Reached target Swap.
[[0;32m  OK  [0m] Listening on udev Control Socket.
[[0;32m  OK  [0m] Reached target Encrypted Volumes.
[[0;32m  OK  [0m] Started Forward Password Requests to Wall Directory Watch.
         Starting Create list of required st... nodes for the current kernel...
         [   41.455274] EXT4-fs (sda1): re-mounted. Opts: (null)
Starting Remount Root and Kernel File Systems...
         Starting Uncomplicated firewall...
[[0;32m  OK  [0m] Created slice system-serial\x2dgetty.slice.
[[0;32m  OK  [0m] Reached target Slices.
         Starting Journal Service...
[[0;32m  OK  [0m] Mounted POSIX Message Queue File System.
[[0;32m  OK  [0m] Mounted Debug File System.
[[0;32m  OK  [0m] Mounted Huge Pages File System.
[[0;32m  OK  [0m] Started Journal Service.
[[0;32m  OK  [0m] Started Load Kernel Modules.
[[0;32m  OK  [0m] Started Create list of required sta...ce nodes for the current kernel.
[[0;32m  OK  [0m] Started Remount Root and Kernel File Systems.
[   47.409999] rando: ngnit do
[[0;32m  OK  [0m] Started Uncomplicated firewall.
[[0;32m  OK  [0m] Started Nameserver information manager.
[[0;32m  OK  [0m] Started LVM2 metadata daemon.
         Starting Load/Save Random Seed...
         Starting udev Coldplug all Devices...
         Starting Create Static Device Nodes in /dev...
         Mounting Configuration File System...
         Starting Apply Kernel Variables...
         Mounting FUSE Control File System...
         Starting Flush Journal to Persistent Storage...
[[0;32m  OK  [0m] Mounted FUSE Control File System.
[[0;32m  OK  [0m] Mounted Configuration File System.
[[0;32m  OK  [0m] Started Monitoring of LVM2 mirrors,...ng dmeventd or progress polling.
[[0;32m  OK  [0m] Started Load/Save Random Seed.
[[0;32m  OK  [0m] Started Create Static Device Nodes in /dev.
[[0;32m  OK  [0m] Started Apply Kernel Variables.
[[0;32m  OK  [0m] Started udev Coldplug all Devices.
         Starting udev Kernel Device Manager...
[[0;32m  OK  [0m] Started udev Kernel Device Manager.
[[0;32m  OK  [0m] Started Set the console keyboard layout.
[[0;32m  OK  [0m] Started Flush Journal to Persistent Storage.
[[0;32m  OK  [0m] Found device /dev/ttyS0.
[[0;32m  OK  [0m] Listening on Load/Save RF Kill Switch Status /dev/rfkill Watch.
[[0;32m  OK  [0m] Started Dispatch Password Requests to Console Directory Watch.
[[0;32m  OK  [0m] Reached target Local File Systems (Pre).
[[0;32m  OK  [0m] Reached target Local File Systems.
         Starting Tell Plymouth To Write Out Runtime Data...
         Starting Create Volatile Files and Directories...
         Starting Commit a transient machine-id on disk...
         Starting AppArmor initialization...
         Starting Run snappy firstboot setup...
         Starting Initial cloud-init job (pre-networking)...
         Starting ebtables ruleset management...
         Starting Set console font and keymap...
[[0;32m  OK  [0m] Started Tell Plymouth To Write Out Runtime Data.
[[0;32m  OK  [0m] Started Create Volatile Files and Directories.
[[0;32m  OK  [0m] Started Commit a transient machine-id on disk.
[[0;32m  OK  [0m] Started Run snappy firstboot setup.
[[0;32m  OK  [0m] Started Set console font and keymap.
         Starting Update UTMP about System Boot/Shutdown...
[[0;32m  OK  [0m] Reached target System Time Synchronized.
[   46.951224] cloud-init[911]: Cloud-init v. 0.7.8 running 'init-local' at Thu, 20 Oct 2016 14:05:54 +0000. Up 46.44 seconds.
[[0;32m  OK  [0m] Started Update UTMP about System Boot/Shutdown.
[[0;32m  OK  [0m] Started ebtables ruleset management.
[[0;32m  OK  [0m] Started AppArmor initialization.
[[0;32m  OK  [0m] Started Initial cloud-init job (pre-networking).
[[0;32m  OK  [0m] Reached target Network (Pre).
         Starting Raise network interfaces...
[[0;32m  OK  [0m] Reached target System Initialization.
[[0;32m  OK  [0m] Started ACPI Events Check.
[[0;32m  OK  [0m] Reached target Paths.
[[0;32m  OK  [0m] Listening on UUID daemon activation socket.
[[0;32m  OK  [0m] Started Daily Cleanup of Temporary Directories.
         Starting LXD - unix socket.
         Starting Socket activation for snappy daemon.
[[0;32m  OK  [0m] Started Daily apt activities.
[[0;32m  OK  [0m] Started Timer to automatically refresh installed snaps.
[[0;32m  OK  [0m] Reached target Timers.
[[0;32m  OK  [0m] Listening on ACPID Listen Socket.
[[0;32m  OK  [0m] Listening on LXD - unix socket.
[[0;32m  OK  [0m] Listening on Socket activation for snappy daemon.
[[0;32m  OK  [0m] Started Raise network interfaces.
[[0;32m  OK  [0m] Reached target Network.
         Starting Initial cloud-init job (metadata service crawler)...
[   50.716316] cloud-init[1298]: Cloud-init v. 0.7.8 running 'init' at Thu, 20 Oct 2016 14:05:57 +0000. Up 49.75 seconds.
[[0;32m  OK  [0m] Started Initial cloud-init job (metadata service crawler).
[   51.164736] [cloud-init[0;32m  OK  [0m[1298]: ] ci-info: +++++++++++++++++++++++++++++Net device info++++++++++++++++++++++++++++++Reached target Cloud-config availability.

[   51.207333] [cloud-init[0;32m  OK  [0m[1298]: ] ci-info: +---------+------+-----------+---------------+-------+-------------------+Listening on D-Bus System Message Bus Socket.

[   51.356546] [cloud-init[0;32m  OK  [0m[1298]: ] ci-info: |  Device |  Up  |  Address  |      Mask     | Scope |     Hw-Address    |Reached target Sockets.

[[0;32m  OK  [0m] Reached target Basic System.
[   51.357381] cloud-init[1298]: ci-info: +---------+------+-----------+---------------+-------+-------------------+
[   51.440499]          cloud-initStarting Login Service...[1298]: 
ci-info: |   lo:   | True | 127.0.0.1 |   255.0.0.0   |   .   |         .         |
[   51.576490]          cloud-initStarting Network Name Resolution...[1298]: 
ci-info: |   lo:   | True |     .     |       .       |   d   |         .         |
[   51.697695] [cloud-init[0;32m  OK  [0m[1298]: ] ci-info: | enp0s3: | True | 10.0.2.15 | 255.255.255.0 |   .   | 02:b2:e7:c8:01:43 |Started Regular background program processing daemon.

[   51.698239] cloud-init[1298]: ci-info: | enp0s3: | True |     .     |       .       |   d   | 02:b2:e7:c8:01:43 |
[   51.764619] [cloud-init[0;32m  OK  [0m[1298]: ] ci-info: +---------+------+-----------+---------------+-------+-------------------+Started ACPI event daemon.

[   51.904442] [cloud-init[0;32m  OK  [0m[1298]: ] ci-info: +++++++++++++++++++++++++++Route IPv4 info++++++++++++++++++++++++++++Started Snappy daemon.

[   52.016636] [cloud-init[0;32m  OK  [0m[1298]: ] ci-info: +-------+-------------+----------+---------------+-----------+-------+Started FUSE filesystem for LXC.

[   52.129576]          cloud-initStarting System Logging Service...[1298]: 
ci-info: | Route | Destination | Gateway  |    Genmask    | Interface | Flags |
         Starting LXD - container startup/shutdown...
[   52.229210] cloud-init[1298]: ci-info: +-------+-------------+----------+---------------+-----------+-------+
[   52.420434]          cloud-initStarting LSB: Record successful boot for GRUB...[1298]: 
ci-info: |   0   |   0.0.0.0   | 10.0.2.2 |    0.0.0.0    |   enp0s3  |   UG  |
[   52.548461] [cloud-init[0;32m  OK  [0m[1298]: ] ci-info: |   1   |   10.0.2.0  | 0.0.0.0  | 255.255.255.0 |   enp0s3  |   U   |Started Deferred execution scheduler.

[   52.668600]          cloud-initStarting Accounts Service...[1298]: 
ci-info: +-------+-------------+----------+---------------+-----------+-------+
[[0;32m  OK  [0m] Started D-Bus System Message Bus.
[   52.805650] cloud-init[1298]: Generating public/private rsa key pair.
[   52.870919] [cloud-init[0;32m  OK  [0m[1298]: ] Your identification has been saved in /etc/ssh/ssh_host_rsa_key.Reached target Network is Online.

[   52.871429] cloud-init[1298]: Your public key has been saved in /etc/ssh/ssh_host_rsa_key.pub.
[   53.028482]          cloud-initStarting iSCSI initiator daemon (iscsid)...[1298]: 
The key fingerprint is:
[   53.133031]          cloud-initStarting Pollinate to seed the pseudo random number generator...[1298]: 
SHA256:+arve6bVqBiQqKt6oUpSmP4IMjBa4ZyJadmAI2t2GiM root@ubuntu-yakkety
         Starting Apply the settings specified in cloud-config...
[   53.222746] cloud-init[1298]: The key's randomart image is:
[[0;32m  OK  [0m] Started System Logging Service.
[   53.349712] cloud-init[1298]: +---[RSA 2048]----+
[[0;32m  OK  [0m] Started LXD - container startup/shutdown.
[   53.430978] cloud-init[1298]: |                 |
[   53.520401] cloud-init[1298]: |.                |
[   53.568353] cloud-init[1298]: |+..              |
[   53.607262] cloud-init[1298]: |.X+= .   .       |
[   53.647456] cloud-init[1298]: |EBOoo   S        |
[   53.692557] [cloud-init[0;32m  OK  [0m[1298]: ] |O=*  .   . o     |Started Pollinate to seed the pseudo random number generator.

[   53.792403] cloud-init[1298]: |B= .  .   + .    |
[   53.844397] cloud-init[1298]: |*o+    o +o      |
[   53.929528] cloud-init[1298]: |Oo .  o+B=       |
[   54.068317] [cloud-init[0;32m  OK  [0m[1298]: ] +----[SHA256]-----+Started Network Name Resolution.

[[0;32m  OK  [0m] Started iSCSI initiator daemon (iscsid).
[   54.127142] cloud-init[1298]: Generating public/private dsa key pair.
[   54.401197] [cloud-init[0;32m  OK  [0m[1298]: ] Your identification has been saved in /etc/ssh/ssh_host_dsa_key.Started Login Service.

[   54.536546] [cloud-init[0;32m  OK  [0m[1298]: ] Your public key has been saved in /etc/ssh/ssh_host_dsa_key.pub.Started LSB: Record successful boot for GRUB.

[   54.569297] cloud-init[1298]: The key fingerprint is:
[   54.584629] cloud-init[1298]: SHA256:K5+k0hxMZhGpYcEEXNGXgSTVAJiBhTXYkd+252GYncg root@ubuntu-yakkety
[   54.604749] cloud-init[1298]: The key's randomart image is:
[   54.609309] cloud-init[1298]: +---[DSA 1024]----+
[   54.636754] cloud-init[1298]: | OB@BB=*.o       |
[   54.680766] cloud-init[1298]: |+ *.+.= +        |
[   54.697881] cloud-init[1298]: |   o + o         |
[   54.701201] cloud-init[1298]: |    o *          |
[   54.728499] cloud-init[1298]: |     B *S.       |
         Starting Authenticate and Authorize Users to Run Privileged Tasks...
[   54.778781] cloud-init[1298]: |      E *.       |
         Starting Login to default iSCSI targets...
[   54.869813] cloud-init[1298]: |     o.=o.       |
[   54.886877] cloud-init[1298]: |    . o=..       |
[   54.889512] cloud-init[1298]: |     .. o        |
[   54.891035] cloud-init[1298]: +----[SHA256]-----+
[   54.893624] cloud-init[1298]: Generating public/private ecdsa key pair.
         Starting OpenBSD Secure Shell server...
[[0;32m  OK  [0m] Started OpenBSD Secure Shell server.
[   54.950800] cloud-init[1298]: Your identification has been saved in /etc/ssh/ssh_host_ecdsa_key.
[   55.132625] [cloud-init[0;32m  OK  [0m[1298]: ] Your public key has been saved in /etc/ssh/ssh_host_ecdsa_key.pub.Started Authenticate and Authorize Users to Run Privileged Tasks.

[[0;32m  OK  [0m] Started Accounts Service.
[   55.133264] cloud-init[1298]: The key fingerprint is:
         Stopping OpenBSD Secure Shell server...
[   55.348562] cloud-init[1298]: SHA256:YJpq8vvF88HIEuKF7YD07V8f7mpAnv8F+chgskoHORQ root@ubuntu-yakkety
[   55.404424] [cloud-init[0;32m  OK  [0m[1298]: ] The key's randomart image is:Stopped OpenBSD Secure Shell server.

[   55.404825] cloud-init[1298]: +---[ECDSA 256]---+
[   55.520646] cloud-init[1298]: |     E           |
[   55.564585] cloud-init[1298]: |      .          |
[   55.608691] cloud-init[1298]: | .   .o          |
[   55.661144]          cloud-initStarting OpenBSD Secure Shell server...[1298]: 
|...oo+.o    .    |
[   55.671718] [[0;32m  OK  [0m] Started OpenBSD Secure Shell server.
cloud-init[1298]: |. +.*=o.So o     |
[   55.678712] [cloud-init[0;32m  OK  [0m[1298]: ] | . *.+o*+ o +    |Started Login to default iSCSI targets.

[   55.744485] [cloud-init[0;32m  OK  [0m[1298]: ] |. + oo*o=. + o   |Reached target Remote File Systems (Pre).

[[0;32m  OK  [0m] Reached target Remote File Systems.
[   55.744893] cloud-init[1298]: | +  .o+o.+o o    |
[   55.828476] cloud-init[1298]: |  oo.. .o.+=     |
[   55.848435] cloud-init[1298]: +----[SHA256]-----+
[   55.888455] cloud-init[1298]: Generating public/private ed25519 key pair.
[   55.944817]          cloud-initStarting Permit User Sessions...[1298]: 
Your identification has been saved in /etc/ssh/ssh_host_ed25519_key.
[   56.017385]          cloud-initStarting LSB: automatic crash report generation...[1298]: 
Your public key has been saved in /etc/ssh/ssh_host_ed25519_key.pub.
[   56.117612] cloud-init[1298]: The key fingerprint is:
         Starting LSB: daemon to balance interrupts for SMP systems...
[   56.123005] cloud-init[1298]: SHA256:5Frf0mCQgChAb6iw5NwYHxL1YhmHAYnlgOefv81tGzE root@ubuntu-yakkety
[   56.130974] cloud-init[1298]: The key's randomart image is:
[   56.133780] cloud-init[1298]: +--[ED25519 256]--+
[   56.136454] cloud-init[1298]: |B===oo.          |
         Starting LSB: VirtualBox Linux Additions...
[[0;32m  OK  [0m] Started Apply the settings specified in cloud-config.
[   56.178984] cloud-init[1298]: |++*.*  . .       |
[   56.328413] cloud-init[1298]: |.O.B .  +        |
[   56.348845] cloud-init[1298]: |*.X o  o .       |
[   56.354505] cloud-init[1298]: |o+ + .  S E      |
[   56.368476] cloud-init[1298]: |    o  o o *     |
[   56.379875] cloud-init[1298]: |     ..   + o    |
[   56.383687] cloud-init[1298]: |      .o ..o     |
[   56.633240] cloud-init[1298]: |      ..o.o.     |
[   56.633571] cloud-init[1298]: +----[SHA256]-----+
[[0;32m  OK  [0m] Started Permit User Sessions.
[   56.647859] cloud-init[1625]: Generating locales (this might take a while)...
[   56.710991] cloud-init[1625]:   en_US.UTF-8... done
[   56.748590] cloud-init[1625]: Generation complete.
[   56.753280] cloud-init[1625]: Cloud-init v. 0.7.8 running 'modules:config' at Thu, 20 Oct 2016 14:06:01 +0000. Up 53.50 seconds.
[[0;32m  OK  [0m] Created slice User Slice of ubuntu.
         Starting Terminate Plymouth Boot Screen...
         Starting Hold until boot process finishes up...
[[0;32m  OK  [0m] Started LSB: automatic crash report generation.
[[0;32m  OK  [0m] Started Terminate Plymouth Boot Screen.
[[0;32m  OK  [0m] Started Hold until boot process finishes up.
         Starting User Manager for UID 1000...
         Starting Set console scheme...
[[0;32m  OK  [0m] Started Serial Getty on ttyS0.
[[0;32m  OK  [0m] Started User Manager for UID 1000.
[[0;32m  OK  [0m] Started LSB: daemon to balance interrupts for SMP systems.
[[0;32m  OK  [0m] Started LSB: VirtualBox Linux Additions.
[[0;32m  OK  [0m] Started Set console scheme.
[[0;32m  OK  [0m] Started Session 1 of user ubuntu.
[[0;32m  OK  [0m] Created slice system-getty.slice.
[[0;32m  OK  [0m] Started Getty on tty1.
[[0;32m  OK  [0m] Reached target Login Prompts.
[[0;32m  OK  [0m] Reached target Multi-User System.
         Starting Notify bootloader that boot was successful...
         Starting Execute cloud user/final scripts...
[[0;32m  OK  [0m] Reached target Graphical Interface.
         Starting Update UTMP about System Runlevel Changes...
[[0;32m  OK  [0m] Started Notify bootloader that boot was successful.
[[0;32m  OK  [0m] Started Update UTMP about System Runlevel Changes.
ci-info: no authorized ssh keys fingerprints found for user ubuntu.
<14>Oct 20 14:06:08 ec2: 
<14>Oct 20 14:06:08 ec2: #############################################################
<14>Oct 20 14:06:08 ec2: -----BEGIN SSH HOST KEY FINGERPRINTS-----
<14>Oct 20 14:06:08 ec2: 1024 SHA256:K5+k0hxMZhGpYcEEXNGXgSTVAJiBhTXYkd+252GYncg root@ubuntu-yakkety (DSA)
<14>Oct 20 14:06:08 ec2: 256 SHA256:YJpq8vvF88HIEuKF7YD07V8f7mpAnv8F+chgskoHORQ root@ubuntu-yakkety (ECDSA)
<14>Oct 20 14:06:08 ec2: 256 SHA256:5Frf0mCQgChAb6iw5NwYHxL1YhmHAYnlgOefv81tGzE root@ubuntu-yakkety (ED25519)
<14>Oct 20 14:06:08 ec2: 2048 SHA256:+arve6bVqBiQqKt6oUpSmP4IMjBa4ZyJadmAI2t2GiM root@ubuntu-yakkety (RSA)
<14>Oct 20 14:06:08 ec2: -----END SSH HOST KEY FINGERPRINTS-----
<14>Oct 20 14:06:08 ec2: #############################################################
-----BEGIN SSH HOST KEY KEYS-----
ecdsa-sha2-nistp256 AAAAE2VjZHNhLXNoYTItbmlzdHAyNTYAAAAIbmlzdHAyNTYAAABBBGHzk3YCpbfq8wCruQAit+6SZ5Wk5rQ7YURNOhpXd08sq20G9LbZGQVvIP0JTaL4HcWsS5z2SA0SxSMEHpWfdu4= root@ubuntu-yakkety
ssh-ed25519 AAAAC3NzaC1lZDI1NTE5AAAAIP9nJZ2YX9m4A0Ri8McB/bpreK2OcaEdIv1jLePzYZJm root@ubuntu-yakkety
ssh-rsa AAAAB3NzaC1yc2EAAAADAQABAAABAQDSUeK50rScmm9vqUXCG75IvhotnTWUlJFhbtkmjBuR1GAWiLQCsc1KPujGQIcGWsZwwbk2CDDAHKVEeASwAEt6fcI0jpYIe7xT9CX8dkcTbdaIv3AqncHOEKlxjmrZYMG5NuRMgSbEHET4xdz8jPACTLJSjoFIEC+otdtiPipWiEr/NwG9u4n/Kzy1I+rUpkkEqdyE2ZPY1uYq6GqDT3o2y/d5v5WRPeVFjWO6CYv8LvV7oYvBMlnIlYGfXkSnvmymFlr8y1TlyJsh5PaCOr41EDC9xejXdFATSo7aF7p0qOY3eOL+wld4HCVvp/2ps+T0+08ZcTQxvjzcYUDRL22v root@ubuntu-yakkety
-----END SSH HOST KEY KEYS-----
[   61.704815] cloud-init[2011]: Cloud-init v. 0.7.8 running 'modules:final' at Thu, 20 Oct 2016 14:06:08 +0000. Up 60.47 seconds.
[   61.735912] cloud-init[2011]: ci-info: no authorized ssh keys fingerprints found for user ubuntu.
[[0;32m  OK  [0m] Started Execute cloud user/final scripts.
[   62.148724] [cloud-init[0;32m  OK  [0m[2011]: ] Cloud-init v. 0.7.8 finished at Thu, 20 Oct 2016 14:06:09 +0000. Datasource DataSourceNoCloud [seed=/dev/sdb][dsmode=net].  Up 61.69 secondsReached target Cloud-init target.


Ubuntu 16.10 ubuntu-yakkety ttyS0

ubuntu-yakkety login: 